log started: Mon Feb 12 21:32:53 2024

Log file: ./leap.log
>> #
>> # ----- leaprc for loading the ff14SB force field
>> # ----- NOTE: this is designed for PDB format 3!
>> #
>> #	load atom type hybridizations
>> #
>> addAtomTypes {
>> 	{ "H"   "H" "sp3" }
>> 	{ "HO"  "H" "sp3" }
>> 	{ "HS"  "H" "sp3" }
>> 	{ "H1"  "H" "sp3" }
>> 	{ "H2"  "H" "sp3" }
>> 	{ "H3"  "H" "sp3" }
>> 	{ "H4"  "H" "sp3" }
>> 	{ "H5"  "H" "sp3" }
>> 	{ "HW"  "H" "sp3" }
>> 	{ "HC"  "H" "sp3" }
>> 	{ "HA"  "H" "sp3" }
>> 	{ "HP"  "H" "sp3" }
>> 	{ "HZ"  "H" "sp3" }
>> 	{ "OH"  "O" "sp3" }
>> 	{ "OS"  "O" "sp3" }
>> 	{ "O"   "O" "sp2" }
>> 	{ "O2"  "O" "sp2" }
>> 	{ "OP"  "O" "sp2" }
>> 	{ "OW"  "O" "sp3" }
>> 	{ "CT"  "C" "sp3" }
>> 	{ "CX"  "C" "sp3" }
>> 	{ "C8"  "C" "sp3" }
>> 	{ "2C"  "C" "sp3" }
>> 	{ "3C"  "C" "sp3" }
>> 	{ "CH"  "C" "sp3" }
>> 	{ "CS"  "C" "sp2" }
>> 	{ "C"   "C" "sp2" }
>> 	{ "CO"   "C" "sp2" }
>> 	{ "C*"  "C" "sp2" }
>> 	{ "CA"  "C" "sp2" }
>> 	{ "CB"  "C" "sp2" }
>> 	{ "CC"  "C" "sp2" }
>> 	{ "CN"  "C" "sp2" }
>> 	{ "CM"  "C" "sp2" }
>> 	{ "CK"  "C" "sp2" }
>> 	{ "CQ"  "C" "sp2" }
>> 	{ "CD"  "C" "sp2" }
>> 	{ "C5"  "C" "sp2" }
>> 	{ "C4"  "C" "sp2" }
>> 	{ "CP"  "C" "sp2" }
>> 	{ "CI"  "C" "sp3" }
>> 	{ "CJ"  "C" "sp2" }
>> 	{ "CW"  "C" "sp2" }
>> 	{ "CV"  "C" "sp2" }
>> 	{ "CR"  "C" "sp2" }
>> 	{ "CA"  "C" "sp2" }
>> 	{ "CY"  "C" "sp2" }
>> 	{ "C0"  "Ca" "sp3" }
>> 	{ "MG"  "Mg" "sp3" }
>> 	{ "N"   "N" "sp2" }
>> 	{ "NA"  "N" "sp2" }
>> 	{ "N2"  "N" "sp2" }
>> 	{ "N*"  "N" "sp2" }
>> 	{ "NP"  "N" "sp2" }
>> 	{ "NQ"  "N" "sp2" }
>> 	{ "NB"  "N" "sp2" }
>> 	{ "NC"  "N" "sp2" }
>> 	{ "NT"  "N" "sp3" }
>> 	{ "NY"  "N" "sp2" }
>> 	{ "N3"  "N" "sp3" }
>> 	{ "S"   "S" "sp3" }
>> 	{ "SH"  "S" "sp3" }
>> 	{ "P"   "P" "sp3" }
>> 	{ "LP"  ""  "sp3" }
>> 	{ "EP"  ""  "sp3" }
>> 	{ "F"   "F" "sp3" }
>> 	{ "Cl"  "Cl" "sp3" }
>> 	{ "Br"  "Br" "sp3" }
>> 	{ "I"   "I"  "sp3" }
>> }
>> #
>> #	Load the main parameter set.
>> #
>> parm10 = loadamberparams parm10.dat
Loading parameters: /home/akhanna2/data/test_amber_modifications/amber20/dat/leap/parm/parm10.dat
Reading title:
PARM99 + frcmod.ff99SB + frcmod.parmbsc0 + OL3 for RNA
>> frcmod14SB = loadamberparams frcmod.ff14SB
Loading parameters: /home/akhanna2/data/test_amber_modifications/amber20/dat/leap/parm/frcmod.ff14SB
Reading force field modification type file (frcmod)
Reading title:
ff14SB protein backbone and sidechain parameters
>> #
>> #	Load main chain and terminating amino acid libraries
>> #
>> loadOff amino12.lib
Loading library: /home/akhanna2/data/test_amber_modifications/amber20/dat/leap/lib/amino12.lib
Loading: ALA
Loading: ARG
Loading: ASH
Loading: ASN
Loading: ASP
Loading: CYM
Loading: CYS
Loading: CYX
Loading: GLH
Loading: GLN
Loading: GLU
Loading: GLY
Loading: HID
Loading: HIE
Loading: HIP
Loading: HYP
Loading: ILE
Loading: LEU
Loading: LYN
Loading: LYS
Loading: MET
Loading: PHE
Loading: PRO
Loading: SER
Loading: THR
Loading: TRP
Loading: TYR
Loading: VAL
>> loadOff aminoct12.lib
Loading library: /home/akhanna2/data/test_amber_modifications/amber20/dat/leap/lib/aminoct12.lib
Loading: CALA
Loading: CARG
Loading: CASN
Loading: CASP
Loading: CCYS
Loading: CCYX
Loading: CGLN
Loading: CGLU
Loading: CGLY
Loading: CHID
Loading: CHIE
Loading: CHIP
Loading: CHYP
Loading: CILE
Loading: CLEU
Loading: CLYS
Loading: CMET
Loading: CPHE
Loading: CPRO
Loading: CSER
Loading: CTHR
Loading: CTRP
Loading: CTYR
Loading: CVAL
Loading: NHE
Loading: NME
>> loadOff aminont12.lib
Loading library: /home/akhanna2/data/test_amber_modifications/amber20/dat/leap/lib/aminont12.lib
Loading: ACE
Loading: NALA
Loading: NARG
Loading: NASN
Loading: NASP
Loading: NCYS
Loading: NCYX
Loading: NGLN
Loading: NGLU
Loading: NGLY
Loading: NHID
Loading: NHIE
Loading: NHIP
Loading: NILE
Loading: NLEU
Loading: NLYS
Loading: NMET
Loading: NPHE
Loading: NPRO
Loading: NSER
Loading: NTHR
Loading: NTRP
Loading: NTYR
Loading: NVAL
>> 
>> #
>> #	Define the PDB name map for the amino acids
>> #
>> addPdbResMap {
>>   { 0 "HYP" "HYP" } { 1 "HYP" "CHYP" }
>>   { 0 "ALA" "NALA" } { 1 "ALA" "CALA" }
>>   { 0 "ARG" "NARG" } { 1 "ARG" "CARG" }
>>   { 0 "ASN" "NASN" } { 1 "ASN" "CASN" }
>>   { 0 "ASP" "NASP" } { 1 "ASP" "CASP" }
>>   { 0 "CYS" "NCYS" } { 1 "CYS" "CCYS" }
>>   { 0 "CYX" "NCYX" } { 1 "CYX" "CCYX" }
>>   { 0 "GLN" "NGLN" } { 1 "GLN" "CGLN" }
>>   { 0 "GLU" "NGLU" } { 1 "GLU" "CGLU" }
>>   { 0 "GLY" "NGLY" } { 1 "GLY" "CGLY" }
>>   { 0 "HID" "NHID" } { 1 "HID" "CHID" }
>>   { 0 "HIE" "NHIE" } { 1 "HIE" "CHIE" }
>>   { 0 "HIP" "NHIP" } { 1 "HIP" "CHIP" }
>>   { 0 "ILE" "NILE" } { 1 "ILE" "CILE" }
>>   { 0 "LEU" "NLEU" } { 1 "LEU" "CLEU" }
>>   { 0 "LYS" "NLYS" } { 1 "LYS" "CLYS" }
>>   { 0 "MET" "NMET" } { 1 "MET" "CMET" }
>>   { 0 "PHE" "NPHE" } { 1 "PHE" "CPHE" }
>>   { 0 "PRO" "NPRO" } { 1 "PRO" "CPRO" }
>>   { 0 "SER" "NSER" } { 1 "SER" "CSER" }
>>   { 0 "THR" "NTHR" } { 1 "THR" "CTHR" }
>>   { 0 "TRP" "NTRP" } { 1 "TRP" "CTRP" }
>>   { 0 "TYR" "NTYR" } { 1 "TYR" "CTYR" }
>>   { 0 "VAL" "NVAL" } { 1 "VAL" "CVAL" }
>>   { 0 "HIS" "NHIS" } { 1 "HIS" "CHIS" }
>> }
>> 
>> #
>> # assume that most often proteins use HIE
>> #
>> NHIS = NHIE
>> HIS = HIE
>> CHIS = CHIE
> 
> set default PBRadii mbondi3
Using ArgH and AspGluO modified Bondi2 radii
> loadAmberPrep cro.prepin
Loading Prep file: ./cro.prepin
Loaded UNIT: CRO
> loadAmberParams frcmod2.cro
Loading parameters: ./frcmod2.cro
Reading force field modification type file (frcmod)
Reading title:
Remark line goes here
> loadAmberParams frcmod1.cro
Loading parameters: ./frcmod1.cro
Reading force field modification type file (frcmod)
Reading title:
Remark line goes here
> x = loadPDB gfp.pdb
Loading PDB file: ./gfp.pdb
Matching PDB residue names to LEaP variables.
Mapped residue SER, term: Terminal/beginning, seq. number: 0 to: NSER.

/home/akhanna2/data/test_amber_modifications/amber20/bin/teLeap: Warning!
Unknown residue: MSE   number: 74   type: Nonterminal

/home/akhanna2/data/test_amber_modifications/amber20/bin/teLeap: Warning!
Unknown residue: MSE   number: 84   type: Nonterminal

/home/akhanna2/data/test_amber_modifications/amber20/bin/teLeap: Warning!
Unknown residue: MSE   number: 149   type: Nonterminal

/home/akhanna2/data/test_amber_modifications/amber20/bin/teLeap: Warning!
Unknown residue: MSE   number: 214   type: Nonterminal
Mapped residue ILE, term: Terminal/last, seq. number: 225 to: CILE.
  Added missing heavy atom: .R<GLU 5>.A<CD 11>
  Added missing heavy atom: .R<GLU 5>.A<OE1 12>
  Added missing heavy atom: .R<GLU 5>.A<OE2 13>
  Added missing heavy atom: .R<LYS 25>.A<NZ 17>
  Added missing heavy atom: .R<LYS 51>.A<CD 11>
  Added missing heavy atom: .R<LYS 51>.A<CE 14>
  Added missing heavy atom: .R<LYS 51>.A<NZ 17>
Created a new atom named: H3 within residue: .R<VAL 65>
Creating new UNIT for residue: MSE sequence: 75

/home/akhanna2/data/test_amber_modifications/amber20/bin/teLeap: Warning!
One sided connection. Residue () missing connect0 atom.
Created a new atom named: N within residue: .R<MSE 75>
Created a new atom named: CA within residue: .R<MSE 75>
Created a new atom named: C within residue: .R<MSE 75>
Created a new atom named: O within residue: .R<MSE 75>
Created a new atom named: CB within residue: .R<MSE 75>
Created a new atom named: CG within residue: .R<MSE 75>
Created a new atom named: SE within residue: .R<MSE 75>
Created a new atom named: CE within residue: .R<MSE 75>
Created a new atom named: H within residue: .R<MSE 75>
Created a new atom named: HA within residue: .R<MSE 75>
Created a new atom named: HB2 within residue: .R<MSE 75>
Created a new atom named: HB3 within residue: .R<MSE 75>
Created a new atom named: HG2 within residue: .R<MSE 75>
Created a new atom named: HG3 within residue: .R<MSE 75>
Created a new atom named: HE1 within residue: .R<MSE 75>
Created a new atom named: HE2 within residue: .R<MSE 75>
Created a new atom named: HE3 within residue: .R<MSE 75>

/home/akhanna2/data/test_amber_modifications/amber20/bin/teLeap: Warning!
One sided connection. Residue (default_name) missing connect1 atom.
Creating new UNIT for residue: MSE sequence: 85

/home/akhanna2/data/test_amber_modifications/amber20/bin/teLeap: Warning!
One sided connection. Residue () missing connect0 atom.
Created a new atom named: N within residue: .R<MSE 85>
Created a new atom named: CA within residue: .R<MSE 85>
Created a new atom named: C within residue: .R<MSE 85>
Created a new atom named: O within residue: .R<MSE 85>
Created a new atom named: CB within residue: .R<MSE 85>
Created a new atom named: CG within residue: .R<MSE 85>
Created a new atom named: SE within residue: .R<MSE 85>
Created a new atom named: CE within residue: .R<MSE 85>
Created a new atom named: H within residue: .R<MSE 85>
Created a new atom named: HA within residue: .R<MSE 85>
Created a new atom named: HB2 within residue: .R<MSE 85>
Created a new atom named: HB3 within residue: .R<MSE 85>
Created a new atom named: HG2 within residue: .R<MSE 85>
Created a new atom named: HG3 within residue: .R<MSE 85>
Created a new atom named: HE1 within residue: .R<MSE 85>
Created a new atom named: HE2 within residue: .R<MSE 85>
Created a new atom named: HE3 within residue: .R<MSE 85>

/home/akhanna2/data/test_amber_modifications/amber20/bin/teLeap: Warning!
One sided connection. Residue (default_name) missing connect1 atom.
  Added missing heavy atom: .R<LYS 98>.A<NZ 17>
  Added missing heavy atom: .R<LYS 104>.A<CE 14>
  Added missing heavy atom: .R<LYS 104>.A<NZ 17>
  Added missing heavy atom: .R<ARG 119>.A<NE 14>
  Added missing heavy atom: .R<ARG 119>.A<CZ 16>
  Added missing heavy atom: .R<ARG 119>.A<NH1 17>
  Added missing heavy atom: .R<ARG 119>.A<NH2 20>
  Added missing heavy atom: .R<GLU 121>.A<CD 11>
  Added missing heavy atom: .R<GLU 121>.A<OE1 12>
  Added missing heavy atom: .R<GLU 121>.A<OE2 13>
  Added missing heavy atom: .R<LYS 128>.A<CE 14>
  Added missing heavy atom: .R<LYS 128>.A<NZ 17>
  Added missing heavy atom: .R<GLU 129>.A<CG 8>
  Added missing heavy atom: .R<GLU 129>.A<CD 11>
  Added missing heavy atom: .R<GLU 129>.A<OE1 12>
  Added missing heavy atom: .R<GLU 129>.A<OE2 13>
Creating new UNIT for residue: MSE sequence: 150

/home/akhanna2/data/test_amber_modifications/amber20/bin/teLeap: Warning!
One sided connection. Residue () missing connect0 atom.
Created a new atom named: N within residue: .R<MSE 150>
Created a new atom named: CA within residue: .R<MSE 150>
Created a new atom named: C within residue: .R<MSE 150>
Created a new atom named: O within residue: .R<MSE 150>
Created a new atom named: CB within residue: .R<MSE 150>
Created a new atom named: CG within residue: .R<MSE 150>
Created a new atom named: SE within residue: .R<MSE 150>
Created a new atom named: CE within residue: .R<MSE 150>
Created a new atom named: H within residue: .R<MSE 150>
Created a new atom named: HA within residue: .R<MSE 150>
Created a new atom named: HB2 within residue: .R<MSE 150>
Created a new atom named: HB3 within residue: .R<MSE 150>
Created a new atom named: HG2 within residue: .R<MSE 150>
Created a new atom named: HG3 within residue: .R<MSE 150>
Created a new atom named: HE1 within residue: .R<MSE 150>
Created a new atom named: HE2 within residue: .R<MSE 150>
Created a new atom named: HE3 within residue: .R<MSE 150>

/home/akhanna2/data/test_amber_modifications/amber20/bin/teLeap: Warning!
One sided connection. Residue (default_name) missing connect1 atom.
  Added missing heavy atom: .R<LYS 153>.A<CG 8>
  Added missing heavy atom: .R<LYS 153>.A<CD 11>
  Added missing heavy atom: .R<LYS 153>.A<CE 14>
  Added missing heavy atom: .R<LYS 153>.A<NZ 17>
  Added missing heavy atom: .R<GLN 154>.A<CB 5>
  Added missing heavy atom: .R<GLN 154>.A<CG 8>
  Added missing heavy atom: .R<GLN 154>.A<CD 11>
  Added missing heavy atom: .R<GLN 154>.A<OE1 12>
  Added missing heavy atom: .R<GLN 154>.A<NE2 13>
  Added missing heavy atom: .R<LYS 155>.A<CB 5>
  Added missing heavy atom: .R<LYS 155>.A<CG 8>
  Added missing heavy atom: .R<LYS 155>.A<CD 11>
  Added missing heavy atom: .R<LYS 155>.A<CE 14>
  Added missing heavy atom: .R<LYS 155>.A<NZ 17>
  Added missing heavy atom: .R<LYS 159>.A<CE 14>
  Added missing heavy atom: .R<LYS 159>.A<NZ 17>
  Added missing heavy atom: .R<ASN 209>.A<OD1 9>
  Added missing heavy atom: .R<ASN 209>.A<ND2 10>
  Added missing heavy atom: .R<LYS 211>.A<CE 14>
  Added missing heavy atom: .R<LYS 211>.A<NZ 17>
Creating new UNIT for residue: MSE sequence: 215

/home/akhanna2/data/test_amber_modifications/amber20/bin/teLeap: Warning!
One sided connection. Residue () missing connect0 atom.
Created a new atom named: N within residue: .R<MSE 215>
Created a new atom named: CA within residue: .R<MSE 215>
Created a new atom named: C within residue: .R<MSE 215>
Created a new atom named: O within residue: .R<MSE 215>
Created a new atom named: CB within residue: .R<MSE 215>
Created a new atom named: CG within residue: .R<MSE 215>
Created a new atom named: SE within residue: .R<MSE 215>
Created a new atom named: CE within residue: .R<MSE 215>
Created a new atom named: H within residue: .R<MSE 215>
Created a new atom named: HA within residue: .R<MSE 215>
Created a new atom named: HB2 within residue: .R<MSE 215>
Created a new atom named: HB3 within residue: .R<MSE 215>
Created a new atom named: HG2 within residue: .R<MSE 215>
Created a new atom named: HG3 within residue: .R<MSE 215>
Created a new atom named: HE1 within residue: .R<MSE 215>
Created a new atom named: HE2 within residue: .R<MSE 215>
Created a new atom named: HE3 within residue: .R<MSE 215>

/home/akhanna2/data/test_amber_modifications/amber20/bin/teLeap: Warning!
One sided connection. Residue (default_name) missing connect1 atom.
  Added missing heavy atom: .R<CILE 226>.A<OXT 20>
  total atoms in file: 3441
  Leap added 139 missing atoms according to residue templates:
       44 Heavy
       95 H / lone pairs
  The file contained 69 atoms not in residue templates
> saveAmberParm x gfp.parm7 gfp.rst7
Checking Unit.

/home/akhanna2/data/test_amber_modifications/amber20/bin/teLeap: Warning!
The unperturbed charge of the unit (-6.000003) is not zero.
FATAL:  Atom .R<VAL 65>.A<H3 17> does not have a type.
FATAL:  Atom .R<MSE 75>.A<N 1> does not have a type.
FATAL:  Atom .R<MSE 75>.A<CA 2> does not have a type.
FATAL:  Atom .R<MSE 75>.A<C 3> does not have a type.
FATAL:  Atom .R<MSE 75>.A<O 4> does not have a type.
FATAL:  Atom .R<MSE 75>.A<CB 5> does not have a type.
FATAL:  Atom .R<MSE 75>.A<CG 6> does not have a type.
FATAL:  Atom .R<MSE 75>.A<SE 7> does not have a type.
FATAL:  Atom .R<MSE 75>.A<CE 8> does not have a type.
FATAL:  Atom .R<MSE 75>.A<H 9> does not have a type.
FATAL:  Atom .R<MSE 75>.A<HA 10> does not have a type.
FATAL:  Atom .R<MSE 75>.A<HB2 11> does not have a type.
FATAL:  Atom .R<MSE 75>.A<HB3 12> does not have a type.
FATAL:  Atom .R<MSE 75>.A<HG2 13> does not have a type.
FATAL:  Atom .R<MSE 75>.A<HG3 14> does not have a type.
FATAL:  Atom .R<MSE 75>.A<HE1 15> does not have a type.
FATAL:  Atom .R<MSE 75>.A<HE2 16> does not have a type.
FATAL:  Atom .R<MSE 75>.A<HE3 17> does not have a type.
FATAL:  Atom .R<MSE 85>.A<N 1> does not have a type.
FATAL:  Atom .R<MSE 85>.A<CA 2> does not have a type.
FATAL:  Atom .R<MSE 85>.A<C 3> does not have a type.
FATAL:  Atom .R<MSE 85>.A<O 4> does not have a type.
FATAL:  Atom .R<MSE 85>.A<CB 5> does not have a type.
FATAL:  Atom .R<MSE 85>.A<CG 6> does not have a type.
FATAL:  Atom .R<MSE 85>.A<SE 7> does not have a type.
FATAL:  Atom .R<MSE 85>.A<CE 8> does not have a type.
FATAL:  Atom .R<MSE 85>.A<H 9> does not have a type.
FATAL:  Atom .R<MSE 85>.A<HA 10> does not have a type.
FATAL:  Atom .R<MSE 85>.A<HB2 11> does not have a type.
FATAL:  Atom .R<MSE 85>.A<HB3 12> does not have a type.
FATAL:  Atom .R<MSE 85>.A<HG2 13> does not have a type.
FATAL:  Atom .R<MSE 85>.A<HG3 14> does not have a type.
FATAL:  Atom .R<MSE 85>.A<HE1 15> does not have a type.
FATAL:  Atom .R<MSE 85>.A<HE2 16> does not have a type.
FATAL:  Atom .R<MSE 85>.A<HE3 17> does not have a type.
FATAL:  Atom .R<MSE 150>.A<N 1> does not have a type.
FATAL:  Atom .R<MSE 150>.A<CA 2> does not have a type.
FATAL:  Atom .R<MSE 150>.A<C 3> does not have a type.
FATAL:  Atom .R<MSE 150>.A<O 4> does not have a type.
FATAL:  Atom .R<MSE 150>.A<CB 5> does not have a type.
FATAL:  Atom .R<MSE 150>.A<CG 6> does not have a type.
FATAL:  Atom .R<MSE 150>.A<SE 7> does not have a type.
FATAL:  Atom .R<MSE 150>.A<CE 8> does not have a type.
FATAL:  Atom .R<MSE 150>.A<H 9> does not have a type.
FATAL:  Atom .R<MSE 150>.A<HA 10> does not have a type.
FATAL:  Atom .R<MSE 150>.A<HB2 11> does not have a type.
FATAL:  Atom .R<MSE 150>.A<HB3 12> does not have a type.
FATAL:  Atom .R<MSE 150>.A<HG2 13> does not have a type.
FATAL:  Atom .R<MSE 150>.A<HG3 14> does not have a type.
FATAL:  Atom .R<MSE 150>.A<HE1 15> does not have a type.
FATAL:  Atom .R<MSE 150>.A<HE2 16> does not have a type.
FATAL:  Atom .R<MSE 150>.A<HE3 17> does not have a type.
FATAL:  Atom .R<MSE 215>.A<N 1> does not have a type.
FATAL:  Atom .R<MSE 215>.A<CA 2> does not have a type.
FATAL:  Atom .R<MSE 215>.A<C 3> does not have a type.
FATAL:  Atom .R<MSE 215>.A<O 4> does not have a type.
FATAL:  Atom .R<MSE 215>.A<CB 5> does not have a type.
FATAL:  Atom .R<MSE 215>.A<CG 6> does not have a type.
FATAL:  Atom .R<MSE 215>.A<SE 7> does not have a type.
FATAL:  Atom .R<MSE 215>.A<CE 8> does not have a type.
FATAL:  Atom .R<MSE 215>.A<H 9> does not have a type.
FATAL:  Atom .R<MSE 215>.A<HA 10> does not have a type.
FATAL:  Atom .R<MSE 215>.A<HB2 11> does not have a type.
FATAL:  Atom .R<MSE 215>.A<HB3 12> does not have a type.
FATAL:  Atom .R<MSE 215>.A<HG2 13> does not have a type.
FATAL:  Atom .R<MSE 215>.A<HG3 14> does not have a type.
FATAL:  Atom .R<MSE 215>.A<HE1 15> does not have a type.
FATAL:  Atom .R<MSE 215>.A<HE2 16> does not have a type.
FATAL:  Atom .R<MSE 215>.A<HE3 17> does not have a type.

/home/akhanna2/data/test_amber_modifications/amber20/bin/teLeap: Fatal Error!
Failed to generate parameters

Exiting LEaP: Errors = 1; Warnings = 13; Notes = 0.
